10-Nov-2023 18:12:59.412 INFO [main] org.apache.catalina.startup.VersionLoggerListener.log Server version name:   Apache Tomcat/11.0.0-M6
10-Nov-2023 18:12:59.418 INFO [main] org.apache.catalina.startup.VersionLoggerListener.log Server built:          May 3 2023 17:28:15 UTC
10-Nov-2023 18:12:59.418 INFO [main] org.apache.catalina.startup.VersionLoggerListener.log Server version number: 11.0.0.0
10-Nov-2023 18:12:59.418 INFO [main] org.apache.catalina.startup.VersionLoggerListener.log OS Name:               Windows 11
10-Nov-2023 18:12:59.419 INFO [main] org.apache.catalina.startup.VersionLoggerListener.log OS Version:            10.0
10-Nov-2023 18:12:59.419 INFO [main] org.apache.catalina.startup.VersionLoggerListener.log Architecture:          amd64
10-Nov-2023 18:12:59.419 INFO [main] org.apache.catalina.startup.VersionLoggerListener.log Java Home:             C:\Program Files\Java\jdk-20
10-Nov-2023 18:12:59.419 INFO [main] org.apache.catalina.startup.VersionLoggerListener.log JVM Version:           20.0.2+9-78
10-Nov-2023 18:12:59.420 INFO [main] org.apache.catalina.startup.VersionLoggerListener.log JVM Vendor:            Oracle Corporation
10-Nov-2023 18:12:59.420 INFO [main] org.apache.catalina.startup.VersionLoggerListener.log CATALINA_BASE:         C:\Users\anura\.rsp\redhat-community-server-connector\runtimes\installations\tomcat-11.0.0-M6\apache-tomcat-11.0.0-M6
10-Nov-2023 18:12:59.420 INFO [main] org.apache.catalina.startup.VersionLoggerListener.log CATALINA_HOME:         C:\Users\anura\.rsp\redhat-community-server-connector\runtimes\installations\tomcat-11.0.0-M6\apache-tomcat-11.0.0-M6
10-Nov-2023 18:12:59.442 INFO [main] org.apache.catalina.startup.VersionLoggerListener.log Command line argument: -Djava.util.logging.config.file=C:\Users\anura\.rsp\redhat-community-server-connector\runtimes\installations\tomcat-11.0.0-M6\apache-tomcat-11.0.0-M6/conf/logging.properties
10-Nov-2023 18:12:59.443 INFO [main] org.apache.catalina.startup.VersionLoggerListener.log Command line argument: -Djava.util.logging.manager=org.apache.juli.ClassLoaderLogManager
10-Nov-2023 18:12:59.443 INFO [main] org.apache.catalina.startup.VersionLoggerListener.log Command line argument: -Djdk.tls.ephemeralDHKeySize=2048
10-Nov-2023 18:12:59.443 INFO [main] org.apache.catalina.startup.VersionLoggerListener.log Command line argument: -Djava.protocol.handler.pkgs=org.apache.catalina.webresources
10-Nov-2023 18:12:59.443 INFO [main] org.apache.catalina.startup.VersionLoggerListener.log Command line argument: -Dorg.apache.catalina.security.SecurityListener.UMASK=0027
10-Nov-2023 18:12:59.443 INFO [main] org.apache.catalina.startup.VersionLoggerListener.log Command line argument: -Dcatalina.base=C:\Users\anura\.rsp\redhat-community-server-connector\runtimes\installations\tomcat-11.0.0-M6\apache-tomcat-11.0.0-M6
10-Nov-2023 18:12:59.444 INFO [main] org.apache.catalina.startup.VersionLoggerListener.log Command line argument: -Dcatalina.home=C:\Users\anura\.rsp\redhat-community-server-connector\runtimes\installations\tomcat-11.0.0-M6\apache-tomcat-11.0.0-M6
10-Nov-2023 18:12:59.444 INFO [main] org.apache.catalina.startup.VersionLoggerListener.log Command line argument: -Djava.io.tmpdir=C:\Users\anura\.rsp\redhat-community-server-connector\runtimes\installations\tomcat-11.0.0-M6\apache-tomcat-11.0.0-M6/temp
10-Nov-2023 18:12:59.458 INFO [main] org.apache.catalina.core.AprLifecycleListener.lifecycleEvent The Apache Tomcat Native library which allows using OpenSSL was not found on the java.library.path: [C:\Program Files\Java\jdk-20\bin;C:\WINDOWS\Sun\Java\bin;C:\WINDOWS\system32;C:\WINDOWS;C:\Program Files\Python312\Scripts\;C:\Program Files\Python312\;C:\Program Files\Common Files\Oracle\Java\javapath;C:\WINDOWS\system32;C:\WINDOWS;C:\WINDOWS\System32\Wbem;C:\WINDOWS\System32\WindowsPowerShell\v1.0\;C:\WINDOWS\System32\OpenSSH\;C:\Program Files\nodejs\;C:\Program Files\apache-maven-3.9.5-bin\apache-maven-3.9.5\bin;C:\Program Files\MySQL\MySQL Server 8.0\bin;C:\Program Files\IBM\SPSS\Statistics\25\JRE\bin;C:\Program Files\MySQL\MySQL Shell 8.0\bin\;C:\Users\anura\AppData\Local\Microsoft\WindowsApps;C:\Users\anura\AppData\Roaming\npm;C:\Users\anura\AppData\Local\Programs\Microsoft VS Code\bin;.]
10-Nov-2023 18:12:59.870 INFO [main] org.apache.coyote.AbstractProtocol.init Initializing ProtocolHandler ["http-nio-8080"]
10-Nov-2023 18:12:59.913 INFO [main] org.apache.catalina.startup.Catalina.load Server initialization in [727] milliseconds
10-Nov-2023 18:12:59.984 INFO [main] org.apache.catalina.core.StandardService.startInternal Starting service [Catalina]
10-Nov-2023 18:12:59.984 INFO [main] org.apache.catalina.core.StandardEngine.startInternal Starting Servlet engine: [Apache Tomcat/11.0.0-M6]
10-Nov-2023 18:13:00.008 INFO [main] org.apache.catalina.startup.HostConfig.deployDirectory Deploying web application directory [C:\Users\anura\.rsp\redhat-community-server-connector\runtimes\installations\tomcat-11.0.0-M6\apache-tomcat-11.0.0-M6\webapps\docs]
10-Nov-2023 18:13:00.543 INFO [main] org.apache.catalina.startup.HostConfig.deployDirectory Deployment of web application directory [C:\Users\anura\.rsp\redhat-community-server-connector\runtimes\installations\tomcat-11.0.0-M6\apache-tomcat-11.0.0-M6\webapps\docs] has finished in [536] ms
10-Nov-2023 18:13:00.544 INFO [main] org.apache.catalina.startup.HostConfig.deployDirectory Deploying web application directory [C:\Users\anura\.rsp\redhat-community-server-connector\runtimes\installations\tomcat-11.0.0-M6\apache-tomcat-11.0.0-M6\webapps\examples]
10-Nov-2023 18:13:01.543 INFO [main] org.apache.catalina.startup.HostConfig.deployDirectory Deployment of web application directory [C:\Users\anura\.rsp\redhat-community-server-connector\runtimes\installations\tomcat-11.0.0-M6\apache-tomcat-11.0.0-M6\webapps\examples] has finished in [999] ms
10-Nov-2023 18:13:01.544 INFO [main] org.apache.catalina.startup.HostConfig.deployDirectory Deploying web application directory [C:\Users\anura\.rsp\redhat-community-server-connector\runtimes\installations\tomcat-11.0.0-M6\apache-tomcat-11.0.0-M6\webapps\host-manager]
10-Nov-2023 18:13:01.635 INFO [main] org.apache.catalina.startup.HostConfig.deployDirectory Deployment of web application directory [C:\Users\anura\.rsp\redhat-community-server-connector\runtimes\installations\tomcat-11.0.0-M6\apache-tomcat-11.0.0-M6\webapps\host-manager] has finished in [92] ms
10-Nov-2023 18:13:01.636 INFO [main] org.apache.catalina.startup.HostConfig.deployDirectory Deploying web application directory [C:\Users\anura\.rsp\redhat-community-server-connector\runtimes\installations\tomcat-11.0.0-M6\apache-tomcat-11.0.0-M6\webapps\manager]
10-Nov-2023 18:13:01.735 INFO [main] org.apache.catalina.startup.HostConfig.deployDirectory Deployment of web application directory [C:\Users\anura\.rsp\redhat-community-server-connector\runtimes\installations\tomcat-11.0.0-M6\apache-tomcat-11.0.0-M6\webapps\manager] has finished in [98] ms
10-Nov-2023 18:13:01.735 INFO [main] org.apache.catalina.startup.HostConfig.deployDirectory Deploying web application directory [C:\Users\anura\.rsp\redhat-community-server-connector\runtimes\installations\tomcat-11.0.0-M6\apache-tomcat-11.0.0-M6\webapps\ROOT]
10-Nov-2023 18:13:01.793 INFO [main] org.apache.catalina.startup.HostConfig.deployDirectory Deployment of web application directory [C:\Users\anura\.rsp\redhat-community-server-connector\runtimes\installations\tomcat-11.0.0-M6\apache-tomcat-11.0.0-M6\webapps\ROOT] has finished in [58] ms
10-Nov-2023 18:13:01.798 INFO [main] org.apache.coyote.AbstractProtocol.start Starting ProtocolHandler ["http-nio-8080"]
10-Nov-2023 18:13:01.921 INFO [main] org.apache.catalina.startup.Catalina.start Server startup in [2006] milliseconds
10-Nov-2023 18:13:21.824 INFO [Catalina-utility-2] org.apache.catalina.startup.HostConfig.deployDirectory Deploying web application directory [C:\Users\anura\.rsp\redhat-community-server-connector\runtimes\installations\tomcat-11.0.0-M6\apache-tomcat-11.0.0-M6\webapps\FarmingWebsite]
10-Nov-2023 18:13:22.701 INFO [Catalina-utility-2] org.apache.jasper.servlet.TldScanner.scanJars At least one JAR was scanned for TLDs yet contained no TLDs. Enable debug logging for this logger for a complete list of JARs that were scanned but no TLDs were found in them. Skipping unneeded JARs during scanning can improve startup time and JSP compilation time.
10-Nov-2023 18:13:22.716 INFO [Catalina-utility-2] org.apache.catalina.startup.HostConfig.deployDirectory Deployment of web application directory [C:\Users\anura\.rsp\redhat-community-server-connector\runtimes\installations\tomcat-11.0.0-M6\apache-tomcat-11.0.0-M6\webapps\FarmingWebsite] has finished in [892] ms
10-Nov-2023 18:14:24.676 INFO [main] org.apache.catalina.core.StandardServer.await A valid shutdown command was received via the shutdown port. Stopping the Server instance.
10-Nov-2023 18:14:24.677 INFO [main] org.apache.coyote.AbstractProtocol.pause Pausing ProtocolHandler ["http-nio-8080"]
10-Nov-2023 18:14:24.705 INFO [main] org.apache.catalina.core.StandardService.stopInternal Stopping service [Catalina]
10-Nov-2023 18:14:24.715 WARNING [main] org.apache.catalina.loader.WebappClassLoaderBase.checkThreadLocalsForLeaks You need to add "--add-opens=java.base/java.lang=ALL-UNNAMED" to the JVM command line arguments to enable ThreadLocal memory leak detection. Alternatively, you can suppress this warning by disabling ThreadLocal memory leak detection.
10-Nov-2023 18:14:24.717 WARNING [main] org.apache.catalina.loader.WebappClassLoaderBase.clearReferencesRmiTargets You need to add "--add-opens=java.rmi/sun.rmi.transport=ALL-UNNAMED" to the JVM command line arguments to enable RMI Target memory leak detection. Alternatively, you can suppress this warning by disabling RMI Target memory leak detection.
10-Nov-2023 18:14:24.724 WARNING [main] org.apache.catalina.loader.WebappClassLoaderBase.checkThreadLocalsForLeaks You need to add "--add-opens=java.base/java.lang=ALL-UNNAMED" to the JVM command line arguments to enable ThreadLocal memory leak detection. Alternatively, you can suppress this warning by disabling ThreadLocal memory leak detection.
10-Nov-2023 18:14:24.724 WARNING [main] org.apache.catalina.loader.WebappClassLoaderBase.clearReferencesRmiTargets You need to add "--add-opens=java.rmi/sun.rmi.transport=ALL-UNNAMED" to the JVM command line arguments to enable RMI Target memory leak detection. Alternatively, you can suppress this warning by disabling RMI Target memory leak detection.
10-Nov-2023 18:14:24.727 WARNING [main] org.apache.catalina.loader.WebappClassLoaderBase.checkThreadLocalsForLeaks You need to add "--add-opens=java.base/java.lang=ALL-UNNAMED" to the JVM command line arguments to enable ThreadLocal memory leak detection. Alternatively, you can suppress this warning by disabling ThreadLocal memory leak detection.
10-Nov-2023 18:14:24.727 WARNING [main] org.apache.catalina.loader.WebappClassLoaderBase.clearReferencesRmiTargets You need to add "--add-opens=java.rmi/sun.rmi.transport=ALL-UNNAMED" to the JVM command line arguments to enable RMI Target memory leak detection. Alternatively, you can suppress this warning by disabling RMI Target memory leak detection.
10-Nov-2023 18:14:24.730 WARNING [main] org.apache.catalina.loader.WebappClassLoaderBase.checkThreadLocalsForLeaks You need to add "--add-opens=java.base/java.lang=ALL-UNNAMED" to the JVM command line arguments to enable ThreadLocal memory leak detection. Alternatively, you can suppress this warning by disabling ThreadLocal memory leak detection.
10-Nov-2023 18:14:24.730 WARNING [main] org.apache.catalina.loader.WebappClassLoaderBase.clearReferencesRmiTargets You need to add "--add-opens=java.rmi/sun.rmi.transport=ALL-UNNAMED" to the JVM command line arguments to enable RMI Target memory leak detection. Alternatively, you can suppress this warning by disabling RMI Target memory leak detection.
10-Nov-2023 18:14:24.733 WARNING [main] org.apache.catalina.loader.WebappClassLoaderBase.checkThreadLocalsForLeaks You need to add "--add-opens=java.base/java.lang=ALL-UNNAMED" to the JVM command line arguments to enable ThreadLocal memory leak detection. Alternatively, you can suppress this warning by disabling ThreadLocal memory leak detection.
10-Nov-2023 18:14:24.734 WARNING [main] org.apache.catalina.loader.WebappClassLoaderBase.clearReferencesRmiTargets You need to add "--add-opens=java.rmi/sun.rmi.transport=ALL-UNNAMED" to the JVM command line arguments to enable RMI Target memory leak detection. Alternatively, you can suppress this warning by disabling RMI Target memory leak detection.
10-Nov-2023 18:14:24.737 WARNING [main] org.apache.catalina.loader.WebappClassLoaderBase.checkThreadLocalsForLeaks You need to add "--add-opens=java.base/java.lang=ALL-UNNAMED" to the JVM command line arguments to enable ThreadLocal memory leak detection. Alternatively, you can suppress this warning by disabling ThreadLocal memory leak detection.
10-Nov-2023 18:14:24.737 WARNING [main] org.apache.catalina.loader.WebappClassLoaderBase.clearReferencesRmiTargets You need to add "--add-opens=java.rmi/sun.rmi.transport=ALL-UNNAMED" to the JVM command line arguments to enable RMI Target memory leak detection. Alternatively, you can suppress this warning by disabling RMI Target memory leak detection.
10-Nov-2023 18:14:24.738 INFO [main] org.apache.coyote.AbstractProtocol.stop Stopping ProtocolHandler ["http-nio-8080"]
10-Nov-2023 18:14:24.747 INFO [main] org.apache.coyote.AbstractProtocol.destroy Destroying ProtocolHandler ["http-nio-8080"]
10-Nov-2023 18:14:25.506 INFO [main] org.apache.catalina.startup.VersionLoggerListener.log Server version name:   Apache Tomcat/11.0.0-M6
10-Nov-2023 18:14:25.512 INFO [main] org.apache.catalina.startup.VersionLoggerListener.log Server built:          May 3 2023 17:28:15 UTC
10-Nov-2023 18:14:25.512 INFO [main] org.apache.catalina.startup.VersionLoggerListener.log Server version number: 11.0.0.0
10-Nov-2023 18:14:25.513 INFO [main] org.apache.catalina.startup.VersionLoggerListener.log OS Name:               Windows 11
10-Nov-2023 18:14:25.513 INFO [main] org.apache.catalina.startup.VersionLoggerListener.log OS Version:            10.0
10-Nov-2023 18:14:25.513 INFO [main] org.apache.catalina.startup.VersionLoggerListener.log Architecture:          amd64
10-Nov-2023 18:14:25.513 INFO [main] org.apache.catalina.startup.VersionLoggerListener.log Java Home:             C:\Program Files\Java\jdk-20
10-Nov-2023 18:14:25.513 INFO [main] org.apache.catalina.startup.VersionLoggerListener.log JVM Version:           20.0.2+9-78
10-Nov-2023 18:14:25.514 INFO [main] org.apache.catalina.startup.VersionLoggerListener.log JVM Vendor:            Oracle Corporation
10-Nov-2023 18:14:25.514 INFO [main] org.apache.catalina.startup.VersionLoggerListener.log CATALINA_BASE:         C:\Users\anura\.rsp\redhat-community-server-connector\runtimes\installations\tomcat-11.0.0-M6\apache-tomcat-11.0.0-M6
10-Nov-2023 18:14:25.514 INFO [main] org.apache.catalina.startup.VersionLoggerListener.log CATALINA_HOME:         C:\Users\anura\.rsp\redhat-community-server-connector\runtimes\installations\tomcat-11.0.0-M6\apache-tomcat-11.0.0-M6
10-Nov-2023 18:14:25.535 INFO [main] org.apache.catalina.startup.VersionLoggerListener.log Command line argument: -Djava.util.logging.config.file=C:\Users\anura\.rsp\redhat-community-server-connector\runtimes\installations\tomcat-11.0.0-M6\apache-tomcat-11.0.0-M6/conf/logging.properties
10-Nov-2023 18:14:25.535 INFO [main] org.apache.catalina.startup.VersionLoggerListener.log Command line argument: -Djava.util.logging.manager=org.apache.juli.ClassLoaderLogManager
10-Nov-2023 18:14:25.535 INFO [main] org.apache.catalina.startup.VersionLoggerListener.log Command line argument: -Djdk.tls.ephemeralDHKeySize=2048
10-Nov-2023 18:14:25.535 INFO [main] org.apache.catalina.startup.VersionLoggerListener.log Command line argument: -Djava.protocol.handler.pkgs=org.apache.catalina.webresources
10-Nov-2023 18:14:25.535 INFO [main] org.apache.catalina.startup.VersionLoggerListener.log Command line argument: -Dorg.apache.catalina.security.SecurityListener.UMASK=0027
10-Nov-2023 18:14:25.536 INFO [main] org.apache.catalina.startup.VersionLoggerListener.log Command line argument: -Dcatalina.base=C:\Users\anura\.rsp\redhat-community-server-connector\runtimes\installations\tomcat-11.0.0-M6\apache-tomcat-11.0.0-M6
10-Nov-2023 18:14:25.537 INFO [main] org.apache.catalina.startup.VersionLoggerListener.log Command line argument: -Dcatalina.home=C:\Users\anura\.rsp\redhat-community-server-connector\runtimes\installations\tomcat-11.0.0-M6\apache-tomcat-11.0.0-M6
10-Nov-2023 18:14:25.538 INFO [main] org.apache.catalina.startup.VersionLoggerListener.log Command line argument: -Djava.io.tmpdir=C:\Users\anura\.rsp\redhat-community-server-connector\runtimes\installations\tomcat-11.0.0-M6\apache-tomcat-11.0.0-M6/temp
10-Nov-2023 18:14:25.551 INFO [main] org.apache.catalina.core.AprLifecycleListener.lifecycleEvent The Apache Tomcat Native library which allows using OpenSSL was not found on the java.library.path: [C:\Program Files\Java\jdk-20\bin;C:\WINDOWS\Sun\Java\bin;C:\WINDOWS\system32;C:\WINDOWS;C:\Program Files\Python312\Scripts\;C:\Program Files\Python312\;C:\Program Files\Common Files\Oracle\Java\javapath;C:\WINDOWS\system32;C:\WINDOWS;C:\WINDOWS\System32\Wbem;C:\WINDOWS\System32\WindowsPowerShell\v1.0\;C:\WINDOWS\System32\OpenSSH\;C:\Program Files\nodejs\;C:\Program Files\apache-maven-3.9.5-bin\apache-maven-3.9.5\bin;C:\Program Files\MySQL\MySQL Server 8.0\bin;C:\Program Files\IBM\SPSS\Statistics\25\JRE\bin;C:\Program Files\MySQL\MySQL Shell 8.0\bin\;C:\Users\anura\AppData\Local\Microsoft\WindowsApps;C:\Users\anura\AppData\Roaming\npm;C:\Users\anura\AppData\Local\Programs\Microsoft VS Code\bin;.]
10-Nov-2023 18:14:25.959 INFO [main] org.apache.coyote.AbstractProtocol.init Initializing ProtocolHandler ["http-nio-8080"]
10-Nov-2023 18:14:25.991 INFO [main] org.apache.catalina.startup.Catalina.load Server initialization in [719] milliseconds
10-Nov-2023 18:14:26.052 INFO [main] org.apache.catalina.core.StandardService.startInternal Starting service [Catalina]
10-Nov-2023 18:14:26.053 INFO [main] org.apache.catalina.core.StandardEngine.startInternal Starting Servlet engine: [Apache Tomcat/11.0.0-M6]
10-Nov-2023 18:14:26.069 INFO [main] org.apache.catalina.startup.HostConfig.deployDirectory Deploying web application directory [C:\Users\anura\.rsp\redhat-community-server-connector\runtimes\installations\tomcat-11.0.0-M6\apache-tomcat-11.0.0-M6\webapps\docs]
10-Nov-2023 18:14:26.586 INFO [main] org.apache.catalina.startup.HostConfig.deployDirectory Deployment of web application directory [C:\Users\anura\.rsp\redhat-community-server-connector\runtimes\installations\tomcat-11.0.0-M6\apache-tomcat-11.0.0-M6\webapps\docs] has finished in [516] ms
10-Nov-2023 18:14:26.587 INFO [main] org.apache.catalina.startup.HostConfig.deployDirectory Deploying web application directory [C:\Users\anura\.rsp\redhat-community-server-connector\runtimes\installations\tomcat-11.0.0-M6\apache-tomcat-11.0.0-M6\webapps\examples]
10-Nov-2023 18:14:27.505 INFO [main] org.apache.catalina.startup.HostConfig.deployDirectory Deployment of web application directory [C:\Users\anura\.rsp\redhat-community-server-connector\runtimes\installations\tomcat-11.0.0-M6\apache-tomcat-11.0.0-M6\webapps\examples] has finished in [919] ms
10-Nov-2023 18:14:27.506 INFO [main] org.apache.catalina.startup.HostConfig.deployDirectory Deploying web application directory [C:\Users\anura\.rsp\redhat-community-server-connector\runtimes\installations\tomcat-11.0.0-M6\apache-tomcat-11.0.0-M6\webapps\FarmingWebsite]
10-Nov-2023 18:14:28.453 INFO [main] org.apache.jasper.servlet.TldScanner.scanJars At least one JAR was scanned for TLDs yet contained no TLDs. Enable debug logging for this logger for a complete list of JARs that were scanned but no TLDs were found in them. Skipping unneeded JARs during scanning can improve startup time and JSP compilation time.
10-Nov-2023 18:14:28.467 INFO [main] org.apache.catalina.startup.HostConfig.deployDirectory Deployment of web application directory [C:\Users\anura\.rsp\redhat-community-server-connector\runtimes\installations\tomcat-11.0.0-M6\apache-tomcat-11.0.0-M6\webapps\FarmingWebsite] has finished in [960] ms
10-Nov-2023 18:14:28.467 INFO [main] org.apache.catalina.startup.HostConfig.deployDirectory Deploying web application directory [C:\Users\anura\.rsp\redhat-community-server-connector\runtimes\installations\tomcat-11.0.0-M6\apache-tomcat-11.0.0-M6\webapps\host-manager]
10-Nov-2023 18:14:28.546 INFO [main] org.apache.catalina.startup.HostConfig.deployDirectory Deployment of web application directory [C:\Users\anura\.rsp\redhat-community-server-connector\runtimes\installations\tomcat-11.0.0-M6\apache-tomcat-11.0.0-M6\webapps\host-manager] has finished in [79] ms
10-Nov-2023 18:14:28.547 INFO [main] org.apache.catalina.startup.HostConfig.deployDirectory Deploying web application directory [C:\Users\anura\.rsp\redhat-community-server-connector\runtimes\installations\tomcat-11.0.0-M6\apache-tomcat-11.0.0-M6\webapps\manager]
10-Nov-2023 18:14:28.635 INFO [main] org.apache.catalina.startup.HostConfig.deployDirectory Deployment of web application directory [C:\Users\anura\.rsp\redhat-community-server-connector\runtimes\installations\tomcat-11.0.0-M6\apache-tomcat-11.0.0-M6\webapps\manager] has finished in [88] ms
10-Nov-2023 18:14:28.635 INFO [main] org.apache.catalina.startup.HostConfig.deployDirectory Deploying web application directory [C:\Users\anura\.rsp\redhat-community-server-connector\runtimes\installations\tomcat-11.0.0-M6\apache-tomcat-11.0.0-M6\webapps\ROOT]
10-Nov-2023 18:14:28.690 INFO [main] org.apache.catalina.startup.HostConfig.deployDirectory Deployment of web application directory [C:\Users\anura\.rsp\redhat-community-server-connector\runtimes\installations\tomcat-11.0.0-M6\apache-tomcat-11.0.0-M6\webapps\ROOT] has finished in [55] ms
10-Nov-2023 18:14:28.696 INFO [main] org.apache.coyote.AbstractProtocol.start Starting ProtocolHandler ["http-nio-8080"]
10-Nov-2023 18:14:28.801 INFO [main] org.apache.catalina.startup.Catalina.start Server startup in [2808] milliseconds
10-Nov-2023 18:14:56.042 INFO [main] org.apache.catalina.core.StandardServer.await A valid shutdown command was received via the shutdown port. Stopping the Server instance.
10-Nov-2023 18:14:56.043 INFO [main] org.apache.coyote.AbstractProtocol.pause Pausing ProtocolHandler ["http-nio-8080"]
10-Nov-2023 18:14:56.064 INFO [main] org.apache.catalina.core.StandardService.stopInternal Stopping service [Catalina]
10-Nov-2023 18:14:56.078 WARNING [main] org.apache.catalina.loader.WebappClassLoaderBase.checkThreadLocalsForLeaks You need to add "--add-opens=java.base/java.lang=ALL-UNNAMED" to the JVM command line arguments to enable ThreadLocal memory leak detection. Alternatively, you can suppress this warning by disabling ThreadLocal memory leak detection.
10-Nov-2023 18:14:56.079 WARNING [main] org.apache.catalina.loader.WebappClassLoaderBase.clearReferencesRmiTargets You need to add "--add-opens=java.rmi/sun.rmi.transport=ALL-UNNAMED" to the JVM command line arguments to enable RMI Target memory leak detection. Alternatively, you can suppress this warning by disabling RMI Target memory leak detection.
10-Nov-2023 18:14:56.085 WARNING [main] org.apache.catalina.loader.WebappClassLoaderBase.checkThreadLocalsForLeaks You need to add "--add-opens=java.base/java.lang=ALL-UNNAMED" to the JVM command line arguments to enable ThreadLocal memory leak detection. Alternatively, you can suppress this warning by disabling ThreadLocal memory leak detection.
10-Nov-2023 18:14:56.086 WARNING [main] org.apache.catalina.loader.WebappClassLoaderBase.clearReferencesRmiTargets You need to add "--add-opens=java.rmi/sun.rmi.transport=ALL-UNNAMED" to the JVM command line arguments to enable RMI Target memory leak detection. Alternatively, you can suppress this warning by disabling RMI Target memory leak detection.
10-Nov-2023 18:14:56.090 WARNING [main] org.apache.catalina.loader.WebappClassLoaderBase.checkThreadLocalsForLeaks You need to add "--add-opens=java.base/java.lang=ALL-UNNAMED" to the JVM command line arguments to enable ThreadLocal memory leak detection. Alternatively, you can suppress this warning by disabling ThreadLocal memory leak detection.
10-Nov-2023 18:14:56.091 WARNING [main] org.apache.catalina.loader.WebappClassLoaderBase.clearReferencesRmiTargets You need to add "--add-opens=java.rmi/sun.rmi.transport=ALL-UNNAMED" to the JVM command line arguments to enable RMI Target memory leak detection. Alternatively, you can suppress this warning by disabling RMI Target memory leak detection.
10-Nov-2023 18:14:56.095 WARNING [main] org.apache.catalina.loader.WebappClassLoaderBase.checkThreadLocalsForLeaks You need to add "--add-opens=java.base/java.lang=ALL-UNNAMED" to the JVM command line arguments to enable ThreadLocal memory leak detection. Alternatively, you can suppress this warning by disabling ThreadLocal memory leak detection.
10-Nov-2023 18:14:56.095 WARNING [main] org.apache.catalina.loader.WebappClassLoaderBase.clearReferencesRmiTargets You need to add "--add-opens=java.rmi/sun.rmi.transport=ALL-UNNAMED" to the JVM command line arguments to enable RMI Target memory leak detection. Alternatively, you can suppress this warning by disabling RMI Target memory leak detection.
10-Nov-2023 18:14:56.099 WARNING [main] org.apache.catalina.loader.WebappClassLoaderBase.checkThreadLocalsForLeaks You need to add "--add-opens=java.base/java.lang=ALL-UNNAMED" to the JVM command line arguments to enable ThreadLocal memory leak detection. Alternatively, you can suppress this warning by disabling ThreadLocal memory leak detection.
10-Nov-2023 18:14:56.099 WARNING [main] org.apache.catalina.loader.WebappClassLoaderBase.clearReferencesRmiTargets You need to add "--add-opens=java.rmi/sun.rmi.transport=ALL-UNNAMED" to the JVM command line arguments to enable RMI Target memory leak detection. Alternatively, you can suppress this warning by disabling RMI Target memory leak detection.
10-Nov-2023 18:14:56.103 WARNING [main] org.apache.catalina.loader.WebappClassLoaderBase.checkThreadLocalsForLeaks You need to add "--add-opens=java.base/java.lang=ALL-UNNAMED" to the JVM command line arguments to enable ThreadLocal memory leak detection. Alternatively, you can suppress this warning by disabling ThreadLocal memory leak detection.
10-Nov-2023 18:14:56.103 WARNING [main] org.apache.catalina.loader.WebappClassLoaderBase.clearReferencesRmiTargets You need to add "--add-opens=java.rmi/sun.rmi.transport=ALL-UNNAMED" to the JVM command line arguments to enable RMI Target memory leak detection. Alternatively, you can suppress this warning by disabling RMI Target memory leak detection.
10-Nov-2023 18:14:56.104 INFO [main] org.apache.coyote.AbstractProtocol.stop Stopping ProtocolHandler ["http-nio-8080"]
10-Nov-2023 18:14:56.118 INFO [main] org.apache.coyote.AbstractProtocol.destroy Destroying ProtocolHandler ["http-nio-8080"]
